DIR: /var/www/html/SVXLink-Dash-V2 Logdatei: /var/www/html/SVXLink-Dash-V2/dl3el/get-monitor.log /var/www/html/SVXLink-Dash-V2/dl3el/mon-all.log
DL3EL Monitor TG [v2.20] Start: 23:46:15 am 10.05.2025
/var/www/html/SVXLink-Dash-V2/dl3el/get-monitor.pl v=0 r=1 262649+ 777 2 26269 98
(1a)TG4: 26269 [98]
(1b)TG4: 26269 [98]
(1a)TG3: 2 [98]
(1b)TG3: 2 [98]
(1a)TG2: 777 [98]
(1b)TG2: 777 [98]
(1a)TG1: 262649 [98]
(1b)TG1: 262649 [98]
[10.05.2025 23:46:15] Delta: 7 (1746913575), Status Reload:1
Datei vom Funknetz holen: wget --tries=2 --timeout=5 -O /var/www/html/SVXLink-Dash-V2/dl3el/mon-all.log.neu -q https://www.funkerportal.de/fm-funknetz?mon=1
Datei geholt, jetzt lesen
Länge Daten: 156888
Cache aktualisiert: cp /var/www/html/SVXLink-Dash-V2/dl3el/mon-all.log.neu /var/www/html/SVXLink-Dash-V2/dl3el/mon-all.log
10.05.2025 23:46:15 aktuelle Daten zu Monitor Calls von FM-Funknetz geholt (Delta war 7)<br>
get curr_act
aktuell Active Calls:
DB0UHC(41515) 
get act tg
aktuell Active TGs:
13055(11) 2620(1) 262038(1) 41515(6) 45699(1) 98(13) 
get mon tg
(Script Run: 23:46:15) Nutzer Monitor TGs (Netz Update 10.05.2025 23:46:15)

2
 DB0AMK DB0BAR DB0BH DB0BIW DB0BOS DB0CGW DB0DOL DB0FTS DB0FW DB0GMN DB0HEW DB0IO DB0MGN DB0RUG DB0SHG DB0TT DB0UEM DB0UHC DB0VB DB0VS DB0XY DB0ZOD DB1VW DB3GF DB5TL DB7WR DB9NFB DC1KMW DC1XU DD1IS DD1JP DD7DO DD7MH DD9MI DF1BO DF1GG DF1KBN DF1VB DF2DR DG0LHZ DG0OL DG0TD DG1HVL DG1MKK DG3NCZ DG4WO DG4ZY DG6IMF DG6MGR DG6SK DG7AA DG7NAO DG8OAU DH1AAL DH1ND DH9YAP DK1JG DK1MFI DK3AT DK5TS DK7SB DK8FN DK9WF DL1ATH DL1BZB DL1HWK DL1MA DL1MLV DL1RNO DL1STA DL4EM DL4ZAQ DL5FDP DL5OLI DL6JOE DL6PM DL6STK DL7WS DL8HW DL9DCA DM0FOX DM0HR DN9RM DO0HWI DO0KGS DO0MVL DO0TPB DO1AKW DO1DAH DO1LVS DO1MLO DO1UKW DO1YUT DO2FEL DO3DL DO4AB DO5DS DO5JPF DO5SOB DO6LR DO7ATU DO7ULI DO7WM DO8ZIG DO9GA ECHOLINK HB9GFX HB9HRQ OE9XGV TEAMSPEAK3 YO6PLL ZELLO 
98
 DA6BA DB0EFT DB0MRL DB1VW DF1VB DG0LHZ DH1NGL DH2NJS DH9YAP DK2NM DK3AT DL1HWK DL1MLV DL2AKT DM3AL DO0KGS DO2FEL DO2KTE DO5DS DO7ATU DO8JC HB9GFX 
777
 DA6BA DB0BIW DB0FHS DB0FTS DB0HHA DB0MGN DB0RUG DB0TMH DB0ZOD DB1VW DB5TL DB7HT DB7WR DC1KMW DC7JZB DD1JP DD7DO DD9KA DD9MI DF1GG DF1KBN DF1VB DF6DX DG0LHZ DG0TD DG1HVL DG1MKK DG3NCZ DG3NGR DG4WO DG6IMF DG6MGR DG7NAE DG7NAO DG8OAU DH1DH DH1NGL DH2NJS DH9YAP DK1JG DK2NM DK3AT DK7SB DK8FN DL1ATH DL1BZB DL1HUB DL1HWK DL1MLV DL1STA DL2AKT DL2HXA DL2OBX DL2TTA DL3YAT DL4EM DL4ZAQ DL5DAE DL5FDP DL5OCD DL5OLI DL6PM DL6STK DL7ANJ DL8HW DL9DCA DL9KDW DL9TD DM0HR DM0ZPK DM3AL DM7HF DN9RM DO0BN DO0KGS DO0RM DO0SDL DO0SIB DO1AF DO1DAH DO1LIM DO1LVS DO1MLO DO1SC DO1SGH DO1YUT DO2FEL DO2HN DO2KTE DO4AB DO5DS DO5JPF DO6WAT DO7ATU DO7BM DO7DL DO7RA DO7ULI DO7WM DO8JC DO8ZIG DO9GA ECHOLINK F1JMJ F5VIY HB9GFX OE7MFI TEAMSPEAK3 TG777 YO6PLL ZELLO 
26269
 DB0BOS DB0CGW DB0HTV DB0LDK DB0MRL DB1VW DB7WR DD4FL DD7ZY DD9MI DF1GG DF1VB DG0LHZ DG1FBA DG1IAH DG1MKK DG3NAD DG4NEU DG4ZY DG6MGR DG7NAO DH1IS DH1NGL DH2NJS DK1JG DK2NM DK3AT DK8FN DL1ATH DL1HWK DL1MLV DL2HO DL4EM DL4ZAQ DL5FDP DL8HW DM0ZAV DO0KGS DO1YUT DO2FEL DO5DS DO7DL YO6PLL 
262649
 DG4ZP DH1IS DL2FCQ DL3EL DL3YAT DL4EM DL5ZR DM0ZAV close log
