[2025-08-26 11:30:43] Button 1 Executed
[2025-08-26 11:30:43] output: Array
(
)

[2025-08-26 11:56:50] Button 1 Executed
[2025-08-26 11:56:50] output: Array
(
)

[2025-08-28 08:47:46] DTMF command: 1#
[2025-08-28 08:47:46] Command:  echo '1#' > /var/run/svxlink/dtmf_svx
[2025-08-28 08:47:46] Output: Array
(
)

[2025-08-28 08:48:10] DTMF command: #
[2025-08-28 08:48:10] Command:  echo '#' > /var/run/svxlink/dtmf_svx
[2025-08-28 08:48:10] Output: Array
(
)

[2025-08-28 08:49:09] DTMF command: 9123561#
[2025-08-28 08:49:09] Command:  echo '9123561#' > /var/run/svxlink/dtmf_svx
[2025-08-28 08:49:09] Output: Array
(
)

[2025-08-28 08:51:19] DTMF command: 2#9999#
[2025-08-28 08:51:19] Command:  echo '2#9999#' > /var/run/svxlink/dtmf_svx
[2025-08-28 08:51:19] Output: Array
(
)

[2025-08-28 09:32:38] DTMF command: 1#
[2025-08-28 09:32:38] Command:  echo '1#' > /var/run/svxlink/dtmf_svx
[2025-08-28 09:32:38] Output: Array
(
)

[2025-09-05 11:10:41] DTMF command: 9423561#
[2025-09-05 11:10:41] Command:  echo '9423561#' > /var/run/svxlink/dtmf_svx
[2025-09-05 11:10:41] Output: Array
(
)

[2025-09-06 08:10:34] DTMF command: *
[2025-09-06 08:10:34] Command:  echo '*' > /var/run/svxlink/dtmf_svx
[2025-09-06 08:10:34] Output: Array
(
)

[2025-09-06 08:10:48] DTMF command: *#
[2025-09-06 08:10:48] Command:  echo '*#' > /var/run/svxlink/dtmf_svx
[2025-09-06 08:10:48] Output: Array
(
)

[2025-09-06 08:11:36] DTMF command: 9153523
[2025-09-06 08:11:36] Command:  echo '9153523' > /var/run/svxlink/dtmf_svx
[2025-09-06 08:11:36] Output: Array
(
)

[2025-09-06 08:13:40] DTMF command: 9153573#
[2025-09-06 08:13:40] Command:  echo '9153573#' > /var/run/svxlink/dtmf_svx
[2025-09-06 08:13:41] Output: Array
(
)

[2025-09-06 10:48:00] DTMF command: 9153573#
[2025-09-06 10:48:00] Command:  echo '9153573#' > /var/run/svxlink/dtmf_svx
[2025-09-06 10:48:00] Output: Array
(
)

[2025-09-06 13:07:49] DTMF command: 9123556#
[2025-09-06 13:07:49] Command:  echo '9123556#' > /var/run/svxlink/dtmf_svx
[2025-09-06 13:07:49] Output: Array
(
)

[2025-09-12 14:23:26] DTMF command: 9123561#
[2025-09-12 14:23:26] Command:  echo '9123561#' > /var/run/svxlink/dtmf_svx
[2025-09-12 14:23:26] Output: Array
(
)

[2025-09-12 14:23:46] DTMF command: 94#
[2025-09-12 14:23:46] Command:  echo '94#' > /var/run/svxlink/dtmf_svx
[2025-09-12 14:23:46] Output: Array
(
)

[2025-09-12 14:56:03] DTMF command: 913156#
[2025-09-12 14:56:03] Command:  echo '913156#' > /var/run/svxlink/dtmf_svx
[2025-09-12 14:56:03] Output: Array
(
)

[2025-09-13 13:26:51] DTMF command: 91#
[2025-09-13 13:26:51] Command:  echo '91#' > /var/run/svxlink/dtmf_svx
[2025-09-13 13:26:51] Output: Array
(
)

[2025-09-13 13:31:26] DTMF command: 9123590#
[2025-09-13 13:31:26] Command:  echo '9123590#' > /var/run/svxlink/dtmf_svx
[2025-09-13 13:31:26] Output: Array
(
)

[2025-09-13 13:33:02] DTMF command: 9123591#
[2025-09-13 13:33:02] Command:  echo '9123591#' > /var/run/svxlink/dtmf_svx
[2025-09-13 13:33:02] Output: Array
(
)

[2025-09-13 14:13:06] DTMF command: 9423564#
[2025-09-13 14:13:06] Command:  echo '9423564#' > /var/run/svxlink/dtmf_svx
[2025-09-13 14:13:06] Output: Array
(
)

[2025-09-13 14:13:19] DTMF command: 9123564#
[2025-09-13 14:13:19] Command:  echo '9123564#' > /var/run/svxlink/dtmf_svx
[2025-09-13 14:13:19] Output: Array
(
)

[2025-09-13 14:14:22] DTMF command: 9123564#
[2025-09-13 14:14:22] Command:  echo '9123564#' > /var/run/svxlink/dtmf_svx
[2025-09-13 14:14:22] Output: Array
(
)

[2025-09-21 15:21:17] DTMF command: 9123525#
[2025-09-21 15:21:17] Command:  echo '9123525#' > /var/run/svxlink/dtmf_svx
[2025-09-21 15:21:17] Output: Array
(
)

[2025-10-16 14:18:06] Button 1 Executed
[2025-10-16 14:18:06] output: Array
(
)

[2025-10-25 15:26:30] DTMF command: 9453573#
[2025-10-25 15:26:30] Command:  echo '9453573#' > /var/run/svxlink/dtmf_svx
[2025-10-25 15:26:30] Output: Array
(
)

[2025-11-01 22:03:22] DTMF command: 1#
[2025-11-01 22:03:22] Command:  echo '1#' > /var/run/svxlink/dtmf_svx
[2025-11-01 22:03:22] Output: Array
(
)

[2025-11-01 22:04:32] DTMF command: 1#
[2025-11-01 22:04:32] Command:  echo '1#' > /var/run/svxlink/dtmf_svx
[2025-11-01 22:04:32] Output: Array
(
)

